<perky>  <ZeroDivisionError> <('division by zero',)>
<perky> <((5,), {})> <ZeroDivisionError> <('division by zero',)>
<perky> <((5,), {})> <ZeroDivisionError> <('division by zero',)>
<perky> <((5,), {})> <ZeroDivisionError> <('division by zero',)>
<check_line> <(('Ярослав bxh@ya.ru 600',), {})> <ValueError> <('Age not in 10..99 range',)>
<check_line> <(('Тролль nsocnzas.mail.ru 82',), {})> <ValueError> <("it's not a email",)>
<check_line> <(('Земфира 86',), {})> <ValueError> <('not enough values to unpack (expected 3, got 2)',)>
<check_line> <(('Ярослав bxh@ya.ru 600',), {})> <ValueError> <('Age not in 10..99 range',)>
<check_line> <(('Тролль nsocnzas.mail.ru 82',), {})> <ValueError> <("it's not a email",)>
<check_line> <(('Земфира 86',), {})> <ValueError> <('not enough values to unpack (expected 3, got 2)',)>
<check_line> <(('Ярослав bxh@ya.ru 600',), {})> <ValueError> <('Age not in 10..99 range',)>
<check_line> <(('Тролль nsocnzas.mail.ru 82',), {})> <ValueError> <("it's not a email",)>
<check_line> <(('Земфира 86',), {})> <ValueError> <('not enough values to unpack (expected 3, got 2)',)>
<check_line> <(('Ярослав bxh@ya.ru 600',), {})> <ValueError> <('Age not in 10..99 range',)>
<check_line> <(('Тролль nsocnzas.mail.ru 82',), {})> <ValueError> <("it's not a email",)>
<check_line> <(('Земфира 86',), {})> <ValueError> <('not enough values to unpack (expected 3, got 2)',)>
<check_line> <(('Ярослав bxh@ya.ru 600',), {})> <ValueError> <('Age not in 10..99 range',)>
<check_line> <(('Тролль nsocnzas.mail.ru 82',), {})> <ValueError> <("it's not a email",)>
<check_line> <(('Земфира 86',), {})> <ValueError> <('not enough values to unpack (expected 3, got 2)',)>
<check_line> <(('Ярослав bxh@ya.ru 600',), {})> <ValueError> <('Age not in 10..99 range',)>
<check_line> <(('Тролль nsocnzas.mail.ru 82',), {})> <ValueError> <("it's not a email",)>
<check_line> <(('Земфира 86',), {})> <ValueError> <('not enough values to unpack (expected 3, got 2)',)>
